<?xml version="1.0" encoding="UTF-8"?>
<coverage generated="1720163901480" clover="3.2.0">
  <project timestamp="1720163901480" name="All files">
    <metrics statements="21" coveredstatements="18" conditionals="3" coveredconditionals="0" methods="1" coveredmethods="1" elements="25" coveredelements="19" complexity="0" loc="21" ncloc="21" packages="1" files="2" classes="2"/>
    <file name="test.module.ts" path="/Users/macbookpro/PlatformDigitalPolitik/auth-agg/test/test.module.ts">
      <metrics statements="9" coveredstatements="9" conditionals="0" coveredconditionals="0" methods="0" coveredmethods="0"/>
      <line num="1" count="1" type="stmt"/>
      <line num="2" count="1" type="stmt"/>
      <line num="4" count="1" type="stmt"/>
      <line num="5" count="1" type="stmt"/>
      <line num="6" count="1" type="stmt"/>
      <line num="7" count="1" type="stmt"/>
      <line num="8" count="1" type="stmt"/>
      <line num="9" count="1" type="stmt"/>
      <line num="23" count="1" type="stmt"/>
    </file>
    <file name="test.service.ts" path="/Users/macbookpro/PlatformDigitalPolitik/auth-agg/test/test.service.ts">
      <metrics statements="12" coveredstatements="9" conditionals="3" coveredconditionals="0" methods="1" coveredmethods="1"/>
      <line num="1" count="1" type="stmt"/>
      <line num="3" count="1" type="stmt"/>
      <line num="4" count="1" type="stmt"/>
      <line num="7" count="1" type="stmt"/>
      <line num="14" count="1" type="stmt"/>
      <line num="15" count="1" type="stmt"/>
      <line num="17" count="1" type="cond" truecount="0" falsecount="1"/>
      <line num="18" count="0" type="stmt"/>
      <line num="21" count="1" type="cond" truecount="0" falsecount="1"/>
      <line num="22" count="0" type="stmt"/>
      <line num="25" count="1" type="cond" truecount="0" falsecount="1"/>
      <line num="26" count="0" type="stmt"/>
    </file>
  </project>
</coverage>
